<?xml version="1.0" encoding="UTF-8"?>
<testng-results skipped="0" failed="0" ignored="0" total="1" passed="1">
  <reporter-output>
  </reporter-output>
  <suite name="Default suite" duration-ms="2942" started-at="2016-12-19T00:01:39Z" finished-at="2016-12-19T00:01:41Z">
    <groups>
    </groups>
    <test name="Default test" duration-ms="2942" started-at="2016-12-19T00:01:39Z" finished-at="2016-12-19T00:01:41Z">
      <class name="com.gmailsignUp.Gmailtest.SignUpProcessTest">
        <test-method status="PASS" signature="OpenBrowser()[pri:0, instance:com.gmailsignUp.Gmailtest.SignUpProcessTest@4678c730]" name="OpenBrowser" duration-ms="2921" started-at="2016-12-19T05:31:39Z" finished-at="2016-12-19T05:31:41Z">
          <reporter-output>
          </reporter-output>
        </test-method> <!-- OpenBrowser -->
      </class> <!-- com.gmailsignUp.Gmailtest.SignUpProcessTest -->
    </test> <!-- Default test -->
  </suite> <!-- Default suite -->
</testng-results>
