<?xml version="1.0" encoding="UTF-8"?>
<testng-results skipped="0" failed="0" ignored="0" total="1" passed="1">
  <reporter-output>
  </reporter-output>
  <suite name="Default suite" duration-ms="8176" started-at="2017-01-03T13:50:22Z" finished-at="2017-01-03T13:50:30Z">
    <groups>
    </groups>
    <test name="Default test" duration-ms="8176" started-at="2017-01-03T13:50:22Z" finished-at="2017-01-03T13:50:30Z">
      <class name="com.gmailsignUp.Gmailtest.SignUpProcessTest">
        <test-method status="PASS" signature="OpenBrowser()[pri:0, instance:com.gmailsignUp.Gmailtest.SignUpProcessTest@4678c730]" name="OpenBrowser" duration-ms="8148" started-at="2017-01-03T19:20:22Z" finished-at="2017-01-03T19:20:30Z">
          <reporter-output>
          </reporter-output>
        </test-method> <!-- OpenBrowser -->
      </class> <!-- com.gmailsignUp.Gmailtest.SignUpProcessTest -->
    </test> <!-- Default test -->
  </suite> <!-- Default suite -->
</testng-results>
